[2024-12-17 00:06:23] ERROR: Server Error: connect ECONNREFUSED 127.0.0.1:27017
[2024-12-18 23:39:43] ERROR: Server Error: connect ECONNREFUSED 127.0.0.1:27017
[2024-12-18 23:40:06] ERROR: Error showing menu: Operation `menu_items.find()` buffering timed out after 10000ms
[2024-12-18 23:51:15] ERROR: Server Error: connect ETIMEDOUT 13.201.152.164:27017, connect ENETUNREACH 64:ff9b::dc9:98a4:27017 - Local (:::0)
[2024-12-18 23:53:35] ERROR: Server Error: connect ETIMEDOUT 13.201.152.164:27017, connect ENETUNREACH 64:ff9b::dc9:98a4:27017 - Local (:::0)
[2024-12-21 13:29:05] ERROR: Server Error: The `uri` parameter to `openUri()` must be a string, got "undefined". Make sure the first parameter to `mongoose.connect()` or `mongoose.createConnection()` is a string.
[2024-12-21 13:33:09] ERROR: Server Error: connect ECONNREFUSED 127.0.0.1:27017
[2024-12-21 13:34:53] ERROR: Error reseting menu: ENOENT: no such file or directory, open '/home/amanrajj/Desktop/Projects/Satyanaam-Food-Backend/resources/backups/backup-[21-12-2024].json'
[2024-12-21 13:45:19] ERROR: Error reseting menu: currentMenu is not defined
[2024-12-22 00:15:43] ERROR: Error processing order: order validation failed: userPhone: Cast to Number failed for value "+1 (903) 388-5047" (type string) at path "userPhone"
[2024-12-22 00:23:43] ERROR: Error processing order: Cannot read properties of undefined (reading 'toFixed')
[2024-12-22 00:37:31] ERROR: Error processing order: Cannot read properties of undefined (reading 'toFixed')
[2024-12-22 00:44:27] ERROR: Server Error: connect ETIMEDOUT 13.127.203.250:27017, connect ENETUNREACH 64:ff9b::d7f:cbfa:27017 - Local (:::0)
[2024-12-22 01:11:42] ERROR: Error processing order: Cannot read properties of undefined (reading 'restaurantDetails')
[2024-12-22 01:11:55] ERROR: Error processing order: Cannot read properties of undefined (reading 'restaurantDetails')
[2024-12-22 01:12:53] ERROR: Error processing order: Cannot read properties of undefined (reading 'restaurantDetails')
[2024-12-23 00:55:49] ERROR: Error showing orders: Cannot read properties of null (reading 'name')
[2024-12-23 01:13:16] ERROR: Error showing orders: filter.push is not a function
[2024-12-26 23:28:54] ERROR: Error showing menu: Invalid argument type
[2024-12-26 23:34:41] ERROR: Error showing menu: Cannot access 'menuitems' before initialization
[2024-12-26 23:35:05] ERROR: Error showing menu: Cannot access 'totalPages' before initialization
[2024-12-26 23:36:57] ERROR: Error showing menu: Cannot access 'totalPages' before initialization
[2024-12-26 23:39:16] ERROR: Error showing menu: Cannot set headers after they are sent to the client
[2024-12-26 23:43:38] ERROR: Error showing menu: id is not defined
[2024-12-26 23:57:35] ERROR: Server Error: client is not defined
[2024-12-26 23:57:40] ERROR: Server Error: client is not defined
[2024-12-26 23:57:45] ERROR: Server Error: client is not defined
[2024-12-26 23:57:56] ERROR: Server Error: client is not defined
[2024-12-26 23:58:00] ERROR: Server Error: client is not defined
[2024-12-26 23:58:07] ERROR: Server Error: client is not defined
[2024-12-26 23:58:11] ERROR: Server Error: client is not defined
[2024-12-26 23:58:14] ERROR: Server Error: client is not defined
[2024-12-26 23:58:43] ERROR: Server Error: client is not defined
[2024-12-26 23:59:11] ERROR: Server Error: client is not defined
[2024-12-26 23:59:34] ERROR: Server Error: client is not defined
[2024-12-26 23:59:35] ERROR: Server Error: client is not defined
[2024-12-27 00:16:29] ERROR: Server Error: Cannot read properties of undefined (reading 'connect')
[2024-12-27 00:16:42] ERROR: Server Error: Cannot read properties of undefined (reading 'connect')
[2024-12-27 00:19:44] ERROR: Server Error: The "listener" argument must be of type function. Received undefined
[2024-12-27 00:19:50] ERROR: Server Error: The "listener" argument must be of type function. Received undefined
[2024-12-27 00:19:52] ERROR: Server Error: err is not defined
[2024-12-27 13:22:52] ERROR: Server Error: The "listener" argument must be of type function. Received undefined
[2024-12-27 13:23:03] ERROR: Server Error: err is not defined
[2024-12-27 13:23:30] ERROR: Server Error: Cannot read properties of undefined (reading 'log')
[2024-12-27 13:25:45] ERROR: Server Error: This is a simulated Redis connection error
[2024-12-27 13:27:02] ERROR: Server Error: Unhandled error. ([Function (anonymous)])
[2024-12-27 13:27:06] ERROR: Server Error: Unhandled error. ([Function (anonymous)])
[2024-12-27 13:27:46] ERROR: Server Error: WRONGPASS invalid username-password pair
[2024-12-27 13:28:13] ERROR: Server Error: WRONGPASS invalid username-password pair
[2024-12-27 13:28:14] ERROR: Error showing menu: client is not defined
[2024-12-27 13:28:33] ERROR: Server Error: WRONGPASS invalid username-password pair
[2024-12-27 14:05:44] ERROR: Error showing orders (admin): "[object Object]" is not valid JSON
[2024-12-27 14:09:51] ERROR: Error showing orders (admin): Cannot set headers after they are sent to the client
[2024-12-27 14:27:35] ERROR: Error login user: data and hash arguments required
[2024-12-27 14:43:07] ERROR: Error showing orders: client is not defined
