[2024-12-16 23:06:08] INFO: Some one visited.
[2024-12-16 23:07:07] INFO: Some one visited.
[2024-12-16 23:13:26] INFO: Aman Raj logged in.
[2024-12-16 23:14:58] INFO: Aman Raj logged in.
[2024-12-16 23:23:22] INFO: Aman Raj (amanprajapat322@gmail.com) registered.
[2024-12-16 23:24:54] INFO: Aman Raj (amanprajapat322@gmail.com) visited profile.
[2024-12-16 23:25:49] INFO: Aman Raj (amanprajapat322@gmail.com) visited profile.
[2024-12-16 23:26:12] INFO: Aman Raj (amanprajapat322@gmail.com) visited profile.
[2024-12-16 23:26:13] INFO: Aman Raj (amanprajapat322@gmail.com) visited profile.
[2024-12-16 23:26:27] INFO: Aman Raj (amanprajapat322@gmail.com) visited profile.
[2024-12-16 23:27:09] INFO: Aman Raj (amanprajapat322@gmail.com) visited profile.
[2024-12-16 23:27:23] INFO: Aman Raj (amanprajapat322@gmail.com) visited profile.
[2024-12-16 23:30:20] INFO: Aman Raj (amanprajapat322@gmail.com) visited profile.
[2024-12-16 23:32:01] INFO: Aman Raj (amanprajapat322@gmail.com) visited profile.
[2024-12-16 23:33:53] INFO: Aman Raj (amanprajapat322@gmail.com) visited profile.
[2024-12-16 23:34:05] INFO: Aman Raj (amanprajapat322@gmail.com) visited profile.
[2024-12-16 23:38:01] INFO: Some one visited.
[2024-12-16 23:39:55] INFO: Some one visited menu.
[2024-12-17 00:03:39] INFO: Some one visited menu.
[2024-12-18 23:43:38] INFO: Some one visited menu.
[2024-12-18 23:44:31] INFO: Some one visited menu.
[2024-12-18 23:46:59] INFO: Some one visited menu.
[2024-12-18 23:47:16] INFO: Aman Raj logged in.
[2024-12-18 23:47:16] INFO: Some one visited menu.
[2024-12-18 23:48:12] INFO: Aman Raj (amanprajapat322@gmail.com) visited profile.
[2024-12-18 23:48:12] INFO: 673cf537f2519b3d0e6d703f (undefined) looking for orders.
[2024-12-18 23:55:26] INFO: Some one visited menu.
[2024-12-18 23:55:49] INFO: Some one visited menu.
[2024-12-18 23:58:44] INFO: Fannie Conn (0081695754) Placed new order.
[2024-12-18 23:58:58] INFO: Aman Raj (amanprajapat322@gmail.com) visited profile.
[2024-12-18 23:58:58] INFO: Fannie Conn (0081695754) looking for orders.
[2024-12-19 00:00:42] INFO: Aman Raj (amanprajapat322@gmail.com) visited profile.
[2024-12-19 00:00:42] INFO: Aman Raj (0081695754) looking for orders.
[2024-12-19 00:05:20] INFO: Aman Raj (amanprajapat322@gmail.com) visited profile.
[2024-12-19 00:05:20] INFO: Aman Raj (0081695754) looking for orders.
[2024-12-19 00:05:36] INFO: Some one visited menu.
[2024-12-19 00:06:24] INFO: Some one visited menu.
[2024-12-19 00:06:26] INFO: Some one visited menu.
[2024-12-21 13:31:01] INFO: Some one visited menu.
[2024-12-21 13:33:32] INFO: Some one visited menu.
[2024-12-21 13:36:36] INFO: Menu backup created successfully: backup-[21-12-2024].json
[2024-12-21 13:36:43] INFO: Menu backup created successfully: backup-[21-12-2024].json
[2024-12-21 13:37:55] INFO: Some one visited menu.
[2024-12-21 13:38:34] INFO: Menu backup created successfully: backup-[21-12-2024].json
[2024-12-21 13:46:01] INFO: Menu backup created successfully: backup1[21-12-2024].json
[2024-12-21 13:49:29] INFO: Menu backup created successfully: backup-[21-12-2024].json
[2024-12-21 13:51:13] INFO: Menu backup created successfully: backup-[21-12-2024].json
[2024-12-21 13:51:33] INFO: Menu backup created successfully: backup-[21-12-2024-1].json
[2024-12-21 13:52:15] INFO: Menu backup created successfully: backup-[21-12-2024-1].json
[2024-12-21 13:52:29] INFO: Menu backup created successfully: backup-1[21-12-2024-1].json
[2024-12-21 13:53:01] INFO: Menu backup created successfully: backup-[21-12-2024-1].json
[2024-12-21 13:54:10] INFO: Menu backup created successfully: backup-[21-12-2024-1].json
[2024-12-21 13:55:14] INFO: Menu backup created successfully: backup-[21-12-2024] (1).json
[2024-12-21 13:55:40] INFO: Menu backup created successfully: backup-[21-12-2024] (1).json
[2024-12-21 13:56:36] INFO: Menu backup created successfully: backup-[21-12-2024].json
[2024-12-21 13:56:42] INFO: Menu backup created successfully: backup-[21-12-2024] (1).json
[2024-12-21 13:57:44] INFO: Menu backup created successfully: backup-[21-12-2024] (1).json
[2024-12-21 13:57:51] INFO: Menu backup created successfully: backup-[21-12-2024] (1).json
[2024-12-21 13:58:44] INFO: Menu backup created successfully: backup-[21-12-2024] (1).json
[2024-12-21 13:59:16] INFO: Menu backup created successfully: backup-[21-12-2024] (1).json
[2024-12-21 13:59:31] INFO: Menu backup created successfully: backup-[21-12-2024] (2).json
[2024-12-21 14:01:19] INFO: Menu backup created successfully: backup-[21-12-2024-14:01:19].json
[2024-12-21 14:03:43] INFO: Menu backup created successfully: backup-[21-12-2024-14:03:43].json
[2024-12-21 14:04:26] INFO: Menu backup created successfully: backup-[21-12-2024-14:04:26].json
[2024-12-22 00:09:14] INFO: Aman Raj (amanprajapat322@gmail.com) visited profile.
[2024-12-22 00:09:14] INFO: Some one visited menu.
[2024-12-22 00:09:21] INFO: Aman Raj (amanprajapat322@gmail.com) visited profile.
[2024-12-22 00:09:23] INFO: Some one visited menu.
[2024-12-22 00:09:27] INFO: Aman Raj (amanprajapat322@gmail.com) visited profile.
[2024-12-22 00:09:27] INFO: Some one visited menu.
[2024-12-22 00:09:29] INFO: Aman Raj (amanprajapat322@gmail.com) visited profile.
[2024-12-22 00:09:30] INFO: Some one visited menu.
[2024-12-22 00:09:32] INFO: Aman Raj (amanprajapat322@gmail.com) visited profile.
[2024-12-22 00:09:32] INFO: Some one visited menu.
[2024-12-22 00:09:51] INFO: Some one visited menu.
[2024-12-22 00:09:52] INFO: Aman Raj (amanprajapat322@gmail.com) visited profile.
[2024-12-22 00:09:55] INFO: Some one visited menu.
[2024-12-22 00:10:37] INFO: Damion Breitenberg (4790337737) Placed new order.
[2024-12-22 00:10:37] INFO: Damion Breitenberg (4790337737) Placed new order.
[2024-12-22 00:10:41] INFO: Aman Raj (amanprajapat322@gmail.com) visited profile.
[2024-12-22 00:10:42] INFO: Aman Raj (4790337737) looking for orders.
[2024-12-22 00:12:50] INFO: Some one visited menu.
[2024-12-22 00:17:44] INFO: Nayda Benjamin (6928235171) Placed new order.
[2024-12-22 00:22:11] INFO: Shoshana Day (1234766338) Placed new order.
[2024-12-22 00:22:58] INFO: Jescie Burgess (164415) Placed new order.
[2024-12-22 00:25:23] INFO: Aman Raj (07665770832) Placed new order.
[2024-12-22 00:27:40] INFO: Aman Raj (07665770832) Placed new order.
[2024-12-22 00:30:27] INFO: Aman Raj (amanprajapat322@gmail.com) visited profile.
[2024-12-22 00:30:28] INFO: Aman Raj (07665770832) looking for orders.
[2024-12-22 00:30:32] INFO: Some one visited menu.
[2024-12-22 00:34:08] INFO: Aman Raj (07665770832) Placed new order.
[2024-12-22 00:39:01] INFO: Aman Raj (07665770832) Placed new order.
[2024-12-22 00:41:38] INFO: Aman Raj (07665770832) Placed new order.
[2024-12-22 00:44:45] INFO: Aman Raj (07665770832) Placed new order.
[2024-12-22 00:46:16] INFO: Aman Raj (07665770832) Placed new order.
[2024-12-22 00:51:08] INFO: Aman Raj (07665770832) Placed new order.
[2024-12-22 00:53:43] INFO: Aman Raj (amanprajapat322@gmail.com) visited profile.
[2024-12-22 00:53:44] INFO: Aman Raj (07665770832) looking for orders.
[2024-12-22 01:01:08] INFO: Some one visited menu.
[2024-12-22 01:02:33] INFO: Aman Raj (07665770832) Placed new order.
[2024-12-22 01:09:01] INFO: Aman Raj (07665770832) Placed new order.
[2024-12-22 01:14:29] INFO: Aman Raj (07665770832) Placed new order.
[2024-12-22 01:21:45] INFO: Aman Raj (07665770832) Placed new order.
[2024-12-22 01:25:15] INFO: Aman Raj (07665770832) Placed new order.
[2024-12-22 01:29:21] INFO: Aman Raj (07665770832) Placed new order.
[2024-12-22 01:34:21] INFO: Aman Raj (07665770832) Placed new order.
[2024-12-22 01:37:21] INFO: Aman Raj (07665770832) Placed new order.
[2024-12-22 01:42:36] INFO: Aman Raj (07665770832) Placed new order.
[2024-12-22 01:45:03] INFO: Aman Raj (07665770832) Placed new order.
[2024-12-22 01:52:05] INFO: Some one visited menu.
[2024-12-22 01:52:10] INFO: Aman Raj logged in.
[2024-12-22 01:52:11] INFO: Some one visited menu.
[2024-12-22 01:52:23] INFO: Aman Raj (07665770832) Placed new order.
[2024-12-22 01:53:09] INFO: Aman Raj (amanprajapat322@gmail.com) visited profile.
[2024-12-22 01:53:09] INFO: Aman Raj (07665770832) looking for orders.
[2024-12-22 01:53:44] INFO: Aman Raj (amanprajapat322@gmail.com) visited profile.
[2024-12-22 01:53:45] INFO: Some one visited menu.
[2024-12-22 01:57:30] INFO: Some one visited menu.
[2024-12-22 01:57:42] INFO: Some one visited menu.
[2024-12-22 02:08:53] INFO: Some one visited menu.
[2024-12-22 02:09:34] INFO: Some one visited menu.
[2024-12-22 02:09:42] INFO: Aman Raj (07665770832) Placed new order.
[2024-12-22 22:50:22] INFO: Some one visited menu.
[2024-12-22 22:50:27] INFO: Some one visited menu.
[2024-12-22 22:50:57] INFO: Some one visited menu.
[2024-12-22 22:51:01] INFO: Some one visited menu.
[2024-12-22 22:51:04] INFO: Some one visited menu.
[2024-12-22 22:51:12] INFO: Some one visited menu.
[2024-12-22 22:51:30] INFO: Some one visited menu.
[2024-12-22 22:51:34] INFO: Aman Raj (07665770832) Placed new order.
[2024-12-23 00:55:39] INFO: Aman Raj (07665770832) looking for orders.
[2024-12-23 00:55:40] INFO: Aman Raj (07665770832) looking for orders.
[2024-12-23 00:55:41] INFO: Aman Raj (07665770832) looking for orders.
[2024-12-23 00:56:58] INFO: Aman Raj (07665770832) looking for orders.
[2024-12-23 00:57:11] INFO: Some one visited menu.
[2024-12-23 00:57:28] INFO: NICKO (07665770832) Placed new order.
[2024-12-23 00:57:31] INFO: Some one visited menu.
[2024-12-23 00:57:44] INFO: NICKO (07665770832) looking for orders.
[2024-12-23 00:58:52] INFO: NICKO (07665770832) looking for orders.
[2024-12-23 01:04:15] INFO: Some one visited menu.
[2024-12-23 01:04:17] INFO: NICKO (07665770832) looking for orders.
[2024-12-23 01:04:18] INFO: Some one visited menu.
[2024-12-23 01:05:20] INFO: Some one visited menu.
[2024-12-23 01:05:34] INFO: Aman Raj (7014131412) Placed new order.
[2024-12-23 01:06:02] INFO: Some one visited menu.
[2024-12-23 01:06:06] INFO: Aman Raj (7014131412) looking for orders.
[2024-12-23 01:10:02] INFO: Aman Raj (7014131412) looking for orders.
[2024-12-23 01:12:12] INFO: Aman Raj (7014131412) looking for orders.
[2024-12-23 01:12:42] INFO: Aman Raj (7014131412) looking for orders.
[2024-12-23 01:14:33] INFO: Aman Raj (7014131412) looking for orders.
[2024-12-23 01:15:59] INFO: Aman Raj (7014131412) looking for orders.
[2024-12-23 01:16:30] INFO: Some one visited menu.
[2024-12-23 01:16:52] INFO: Some one visited menu.
[2024-12-23 01:16:53] INFO: Aman Raj (undefined) looking for orders.
[2024-12-23 01:17:07] INFO: Some one visited menu.
[2024-12-23 01:17:11] INFO: Some one visited menu.
