[2024-12-21 13:39:42] WARN: performed menu reset
[2024-12-21 14:06:19] WARN: performed menu reset
[2024-12-22 00:09:28] WARN: performed menu reset
[2024-12-22 01:53:45] WARN: admin looked for all orders
[2024-12-22 01:53:46] WARN: admin looked for a user 673cf537f2519b3d0e6d703f
[2024-12-22 01:53:46] WARN: admin looked for a user 673cf537f2519b3d0e6d703f
[2024-12-22 01:53:47] WARN: admin looked for a user 673cf537f2519b3d0e6d703f
[2024-12-22 01:53:47] WARN: admin looked for a user 673cf537f2519b3d0e6d703f
[2024-12-22 01:53:47] WARN: admin looked for a user 673cf537f2519b3d0e6d703f
[2024-12-22 01:53:48] WARN: admin looked for a user 673cf537f2519b3d0e6d703f
[2024-12-22 01:53:48] WARN: admin looked for a user 673cf537f2519b3d0e6d703f
[2024-12-22 01:53:48] WARN: admin looked for a user 673cf537f2519b3d0e6d703f
[2024-12-22 01:53:48] WARN: admin looked for a user 673cf537f2519b3d0e6d703f
[2024-12-22 01:53:49] WARN: admin looked for a user 673cf537f2519b3d0e6d703f
[2024-12-22 01:53:49] WARN: admin looked for a user 673cf537f2519b3d0e6d703f
[2024-12-22 01:53:49] WARN: admin looked for a user 673cf537f2519b3d0e6d703f
[2024-12-22 01:53:50] WARN: admin looked for a user 673cf537f2519b3d0e6d703f
[2024-12-22 01:53:50] WARN: admin looked for a user 673cf537f2519b3d0e6d703f
[2024-12-22 01:53:50] WARN: admin looked for a user 673cf537f2519b3d0e6d703f
[2024-12-22 01:53:51] WARN: admin looked for a user 673cf537f2519b3d0e6d703f
[2024-12-22 01:53:51] WARN: admin looked for a user 673cf537f2519b3d0e6d703f
[2024-12-22 01:53:51] WARN: admin looked for a user 673cf537f2519b3d0e6d703f
[2024-12-22 01:53:52] WARN: admin looked for a user 673cf537f2519b3d0e6d703f
[2024-12-22 01:53:52] WARN: admin looked for a user 673cf537f2519b3d0e6d703f
[2024-12-22 01:53:52] WARN: admin looked for a user 673cf537f2519b3d0e6d703f
[2024-12-22 01:53:52] WARN: admin looked for a user 673cf537f2519b3d0e6d703f
[2024-12-22 01:53:53] WARN: admin looked for a user 673cf537f2519b3d0e6d703f
[2024-12-22 01:53:53] WARN: admin looked for a user 673cf537f2519b3d0e6d703f
[2024-12-22 01:54:11] WARN: order updated 67670ba57516852a023ea671
[2024-12-22 01:54:12] WARN: admin looked for all orders
[2024-12-22 01:54:12] WARN: admin looked for a user 673cf537f2519b3d0e6d703f
[2024-12-22 01:54:16] WARN: admin looked for all orders
[2024-12-22 01:54:16] WARN: admin looked for a user 673cf537f2519b3d0e6d703f
[2024-12-22 01:54:16] WARN: admin looked for a user 673cf537f2519b3d0e6d703f
[2024-12-22 01:54:17] WARN: admin looked for a user 673cf537f2519b3d0e6d703f
[2024-12-22 01:54:17] WARN: admin looked for a user 673cf537f2519b3d0e6d703f
[2024-12-22 01:54:17] WARN: admin looked for a user 673cf537f2519b3d0e6d703f
[2024-12-22 01:54:17] WARN: admin looked for a user 673cf537f2519b3d0e6d703f
[2024-12-22 01:54:18] WARN: admin looked for a user 673cf537f2519b3d0e6d703f
[2024-12-22 01:54:18] WARN: admin looked for a user 673cf537f2519b3d0e6d703f
[2024-12-22 01:54:18] WARN: admin looked for a user 673cf537f2519b3d0e6d703f
[2024-12-22 01:54:19] WARN: admin looked for a user 673cf537f2519b3d0e6d703f
[2024-12-22 01:54:19] WARN: admin looked for a user 673cf537f2519b3d0e6d703f
[2024-12-22 01:54:19] WARN: admin looked for a user 673cf537f2519b3d0e6d703f
[2024-12-22 01:54:20] WARN: admin looked for a user 673cf537f2519b3d0e6d703f
[2024-12-22 01:54:20] WARN: admin looked for a user 673cf537f2519b3d0e6d703f
[2024-12-22 01:54:20] WARN: admin looked for a user 673cf537f2519b3d0e6d703f
[2024-12-22 01:54:21] WARN: admin looked for a user 673cf537f2519b3d0e6d703f
[2024-12-22 01:54:21] WARN: admin looked for a user 673cf537f2519b3d0e6d703f
[2024-12-22 01:54:21] WARN: admin looked for a user 673cf537f2519b3d0e6d703f
[2024-12-22 01:54:21] WARN: admin looked for a user 673cf537f2519b3d0e6d703f
[2024-12-22 01:54:22] WARN: admin looked for a user 673cf537f2519b3d0e6d703f
[2024-12-22 01:54:22] WARN: admin looked for a user 673cf537f2519b3d0e6d703f
[2024-12-22 01:54:22] WARN: admin looked for a user 673cf537f2519b3d0e6d703f
[2024-12-22 01:54:23] WARN: admin looked for a user 673cf537f2519b3d0e6d703f
[2024-12-22 01:54:28] WARN: order updated 67670ba57516852a023ea673
[2024-12-22 01:54:28] WARN: admin looked for all orders
[2024-12-22 01:54:28] WARN: admin looked for a user 673cf537f2519b3d0e6d703f
[2024-12-22 01:54:32] WARN: admin looked for all orders
[2024-12-22 01:54:33] WARN: admin looked for a user 673cf537f2519b3d0e6d703f
[2024-12-22 01:54:33] WARN: admin looked for a user 673cf537f2519b3d0e6d703f
[2024-12-22 01:54:34] WARN: admin looked for a user 673cf537f2519b3d0e6d703f
[2024-12-22 01:54:34] WARN: admin looked for a user 673cf537f2519b3d0e6d703f
[2024-12-22 01:54:34] WARN: admin looked for a user 673cf537f2519b3d0e6d703f
[2024-12-22 01:54:35] WARN: admin looked for a user 673cf537f2519b3d0e6d703f
[2024-12-22 01:54:35] WARN: admin looked for a user 673cf537f2519b3d0e6d703f
[2024-12-22 01:54:35] WARN: admin looked for a user 673cf537f2519b3d0e6d703f
[2024-12-22 01:54:36] WARN: admin looked for a user 673cf537f2519b3d0e6d703f
[2024-12-22 01:54:36] WARN: admin looked for a user 673cf537f2519b3d0e6d703f
[2024-12-22 01:54:36] WARN: admin looked for a user 673cf537f2519b3d0e6d703f
[2024-12-22 01:54:36] WARN: admin looked for a user 673cf537f2519b3d0e6d703f
[2024-12-22 01:54:37] WARN: admin looked for a user 673cf537f2519b3d0e6d703f
[2024-12-22 01:54:37] WARN: admin looked for a user 673cf537f2519b3d0e6d703f
[2024-12-22 01:54:37] WARN: admin looked for a user 673cf537f2519b3d0e6d703f
[2024-12-22 01:54:38] WARN: admin looked for a user 673cf537f2519b3d0e6d703f
[2024-12-22 01:54:38] WARN: admin looked for a user 673cf537f2519b3d0e6d703f
[2024-12-22 01:54:38] WARN: admin looked for a user 673cf537f2519b3d0e6d703f
[2024-12-22 01:54:39] WARN: admin looked for a user 673cf537f2519b3d0e6d703f
[2024-12-22 01:54:39] WARN: admin looked for a user 673cf537f2519b3d0e6d703f
[2024-12-22 01:54:39] WARN: admin looked for a user 673cf537f2519b3d0e6d703f
[2024-12-22 01:54:40] WARN: admin looked for a user 673cf537f2519b3d0e6d703f
[2024-12-22 01:55:34] WARN: order updated 67670e5b6908f71ccbc687bf
[2024-12-22 01:55:35] WARN: admin looked for all orders
[2024-12-22 01:55:44] WARN: order updated 67670ba57516852a023ea671
[2024-12-22 01:55:44] WARN: admin looked for all orders
[2024-12-22 01:55:50] WARN: admin looked for all orders
[2024-12-22 01:55:54] WARN: admin looked for all orders
[2024-12-22 01:56:05] WARN: order updated 67670d500e0a30183001edf3
[2024-12-22 01:56:06] WARN: admin looked for all orders
[2024-12-22 01:56:08] WARN: admin looked for all orders
[2024-12-22 01:56:10] WARN: admin looked for all orders
[2024-12-22 01:56:18] WARN: order updated 676712ea83880aabccc73975
[2024-12-22 01:56:18] WARN: admin looked for all orders
[2024-12-22 01:56:20] WARN: admin looked for all orders
[2024-12-22 01:57:02] WARN: order updated 6767237f7f016e8fa5fe5cfb
[2024-12-22 01:57:02] WARN: admin looked for all orders
[2024-12-22 01:57:29] WARN: updated Kakdi Salad
[2024-12-22 01:57:42] WARN: updated Tomato Salad
[2024-12-27 14:05:29] WARN: admin looked for all orders
[2024-12-27 14:09:51] WARN: admin looked for all orders
[2024-12-27 14:13:26] WARN: admin looked for all orders
[2024-12-27 14:13:28] WARN: admin looked for all orders
[2024-12-27 14:17:59] WARN: admin looked for all orders
[2024-12-27 14:18:10] WARN: admin looked for all orders
[2024-12-27 14:18:12] WARN: admin looked for all orders
[2024-12-27 14:44:24] WARN: admin looked for all orders
[2024-12-27 14:46:07] WARN: admin looked for all orders
